

times in msec
 clock   self+sourced   self:  sourced script
 clock   elapsed:              other lines

000.007  000.007: --- NVIM STARTING ---
000.081  000.074: event init
000.176  000.094: early init
000.534  000.359: locale set
000.582  000.048: init first window
000.913  000.330: inits 1
000.924  000.011: window checked
000.927  000.003: parsing arguments
001.298  000.058  000.058: require('vim.shared')
001.405  000.045  000.045: require('vim._meta')
001.406  000.106  000.061: require('vim._editor')
001.408  000.198  000.034: require('vim._init_packages')
001.409  000.284: init lua interpreter
001.596  000.187: expanding arguments
001.635  000.039: inits 2
001.859  000.224: init highlight
001.860  000.001: waiting for UI
003.452  001.592: done waiting for UI
003.458  000.006: clear screen
003.605  000.147: init default mappings
003.620  000.015: init default autocommands
004.607  000.062  000.062: sourcing /usr/local/Cellar/neovim/HEAD-fad558b/share/nvim/runtime/ftplugin.vim
004.778  000.028  000.028: sourcing /usr/local/Cellar/neovim/HEAD-fad558b/share/nvim/runtime/indent.vim
005.967  000.211  000.211: require('packer.util')
005.995  000.915  000.704: require('packer')
006.245  000.248  000.248: require('packer.log')
006.813  000.180  000.180: require('packer.async')
007.161  000.135  000.135: require('packer.result')
007.164  000.349  000.214: require('packer.jobs')
007.168  000.894  000.366: require('packer.plugin_utils')
007.437  000.259  000.259: require('packer.snapshot')
007.904  002.972  000.655: require('plugins')
008.195  000.288  000.288: require('options')
008.427  000.122  000.122: require('utils')
008.440  000.007  000.007: require('vim.keymap')
008.720  000.522  000.393: require('keymaps')
008.722  003.809  000.026: sourcing /Users/sjmller/.config/nvim/init.lua
008.744  001.226: sourcing vimrc file(s)
009.351  000.379  000.379: sourcing /usr/local/Cellar/neovim/HEAD-fad558b/share/nvim/runtime/filetype.lua
009.761  000.139  000.139: sourcing /usr/local/Cellar/neovim/HEAD-fad558b/share/nvim/runtime/syntax/synload.vim
010.037  000.580  000.442: sourcing /usr/local/Cellar/neovim/HEAD-fad558b/share/nvim/runtime/syntax/syntax.vim
012.473  000.250  000.250: sourcing /usr/local/Cellar/neovim/HEAD-fad558b/share/nvim/runtime/plugin/gzip.vim
012.594  000.025  000.025: sourcing /usr/local/Cellar/neovim/HEAD-fad558b/share/nvim/runtime/plugin/health.vim
013.617  000.171  000.171: sourcing /usr/local/Cellar/neovim/HEAD-fad558b/share/nvim/runtime/pack/dist/opt/matchit/plugin/matchit.vim
013.804  001.142  000.970: sourcing /usr/local/Cellar/neovim/HEAD-fad558b/share/nvim/runtime/plugin/matchit.vim
014.022  000.151  000.151: sourcing /usr/local/Cellar/neovim/HEAD-fad558b/share/nvim/runtime/plugin/matchparen.vim
014.391  000.312  000.312: sourcing /usr/local/Cellar/neovim/HEAD-fad558b/share/nvim/runtime/plugin/netrwPlugin.vim
014.711  000.011  000.011: sourcing /Users/sjmller/.local/share/nvim/rplugin.vim
014.720  000.264  000.253: sourcing /usr/local/Cellar/neovim/HEAD-fad558b/share/nvim/runtime/plugin/rplugin.vim
014.859  000.077  000.077: sourcing /usr/local/Cellar/neovim/HEAD-fad558b/share/nvim/runtime/plugin/shada.vim
014.953  000.030  000.030: sourcing /usr/local/Cellar/neovim/HEAD-fad558b/share/nvim/runtime/plugin/spellfile.vim
015.136  000.117  000.117: sourcing /usr/local/Cellar/neovim/HEAD-fad558b/share/nvim/runtime/plugin/tarPlugin.vim
015.284  000.081  000.081: sourcing /usr/local/Cellar/neovim/HEAD-fad558b/share/nvim/runtime/plugin/tohtml.vim
015.374  000.027  000.027: sourcing /usr/local/Cellar/neovim/HEAD-fad558b/share/nvim/runtime/plugin/tutor.vim
015.627  000.190  000.190: sourcing /usr/local/Cellar/neovim/HEAD-fad558b/share/nvim/runtime/plugin/zipPlugin.vim
022.611  000.341  000.341: require('vim.lsp.log')
023.270  000.005  000.005: require('vim.F')
023.273  000.658  000.653: require('vim.lsp.protocol')
024.803  000.422  000.422: require('vim.lsp._snippet')
025.036  000.230  000.230: require('vim.highlight')
025.050  001.775  001.123: require('vim.lsp.util')
025.066  003.690  000.916: require('vim.lsp.handlers')
025.700  000.569  000.569: require('vim.lsp.rpc')
026.031  000.328  000.328: require('vim.lsp.sync')
026.731  000.696  000.696: require('vim.lsp.buf')
027.199  000.456  000.456: require('vim.lsp.diagnostic')
027.584  000.383  000.383: require('vim.lsp.codelens')
027.727  008.485  002.362: require('vim.lsp')
027.858  009.034  000.549: require('lspconfig.util')
027.862  009.584  000.551: require('lspconfig.configs')
027.864  011.654  002.070: require('lspconfig')
028.335  000.193  000.193: require('cmp_nvim_lsp.source')
028.338  000.454  000.261: require('cmp_nvim_lsp')
028.664  000.239  000.239: require('lspconfig.server_configurations.texlab')
029.083  000.177  000.177: require('lspconfig.server_configurations.pyright')
030.019  000.186  000.186: require('lspconfig.server_configurations.sumneko_lua')
031.968  001.651  001.651: require('vim.diagnostic')
031.977  016.011  001.649: sourcing /Users/sjmller/.config/nvim/plugin/lspconfig.lua
032.560  000.357  000.357: require('lspsaga')
033.398  000.260  000.260: require('lspsaga.window')
033.417  000.580  000.319: require('lspsaga.libs')
033.860  000.156  000.156: require('lspsaga.wrap')
033.866  000.447  000.291: require('lspsaga.codeaction')
033.899  001.335  000.309: require('lspsaga.lightbulb')
034.116  000.194  000.194: require('lspsaga.lspkind')
034.246  002.130  000.244: sourcing /Users/sjmller/.config/nvim/plugin/lspsaga.lua
035.044  000.714  000.714: sourcing /Users/sjmller/.config/nvim/plugin/packer_compiled.lua
035.735  000.082  000.082: sourcing /usr/local/Cellar/neovim/HEAD-fad558b/share/nvim/runtime/plugin/man.lua
035.769  004.463: loading rtp plugins
038.238  001.552  001.552: require('dashboard')
038.418  000.159  000.159: require('dashboard.session')
038.428  001.799  000.088: sourcing /Users/sjmller/.local/share/nvim/site/pack/packer/start/dashboard-nvim/plugin/dashboard.lua
039.284  000.439  000.439: sourcing /Users/sjmller/.local/share/nvim/site/pack/packer/start/lspsaga.nvim/plugin/lspsaga.lua
039.595  000.031  000.031: sourcing /Users/sjmller/.local/share/nvim/site/pack/packer/start/nightfox.nvim/plugin/nightfox.vim
040.201  000.166  000.166: require('cmp.utils.api')
040.416  000.115  000.115: require('cmp.types.cmp')
040.882  000.321  000.321: require('cmp.utils.misc')
040.899  000.481  000.160: require('cmp.types.lsp')
041.096  000.195  000.195: require('cmp.types.vim')
041.099  000.895  000.103: require('cmp.types')
041.245  000.145  000.145: require('cmp.utils.highlight')
041.492  000.109  000.109: require('cmp.utils.debug')
041.513  000.266  000.157: require('cmp.utils.autocmd')
041.903  001.948  000.476: sourcing /Users/sjmller/.local/share/nvim/site/pack/packer/start/nvim-cmp/plugin/cmp.lua
042.643  000.234  000.234: sourcing /Users/sjmller/.local/share/nvim/site/pack/packer/start/nvim-lspconfig/plugin/lspconfig.lua
044.407  000.394  000.394: require('nvim-treesitter.utils')
046.051  000.147  000.147: require('vim.treesitter.language')
046.067  000.634  000.486: require('vim.treesitter.query')
046.498  000.429  000.429: require('vim.treesitter.languagetree')
046.566  001.533  000.470: require('vim.treesitter')
046.989  002.576  001.043: require('nvim-treesitter.parsers')
048.778  000.416  000.416: require('nvim-treesitter.ts_utils')
048.785  000.692  000.277: require('nvim-treesitter.tsrange')
048.989  000.202  000.202: require('nvim-treesitter.caching')
049.004  001.258  000.364: require('nvim-treesitter.query')
049.029  001.744  000.485: require('nvim-treesitter.configs')
049.035  002.043  000.299: require('nvim-treesitter.info')
049.381  000.344  000.344: require('nvim-treesitter.shell_command_selectors')
049.421  006.034  000.678: require('nvim-treesitter.install')
049.686  000.263  000.263: require('nvim-treesitter.statusline')
049.951  000.262  000.262: require('nvim-treesitter.query_predicates')
049.954  006.850  000.292: require('nvim-treesitter')
050.451  007.400  000.551: sourcing /Users/sjmller/.local/share/nvim/site/pack/packer/start/nvim-treesitter/plugin/nvim-treesitter.lua
050.949  000.054  000.054: sourcing /Users/sjmller/.local/share/nvim/site/pack/packer/start/nvim-web-devicons/plugin/nvim-web-devicons.vim
051.453  000.044  000.044: sourcing /Users/sjmller/.local/share/nvim/site/pack/packer/start/plenary.nvim/plugin/plenary.vim
052.302  000.451  000.451: sourcing /Users/sjmller/.local/share/nvim/site/pack/packer/start/telescope.nvim/plugin/telescope.lua
052.830  000.253  000.253: sourcing /Users/sjmller/.local/share/nvim/site/pack/packer/start/vim-startuptime/plugin/startuptime.vim
054.278  000.264  000.264: sourcing /Users/sjmller/.local/share/nvim/site/pack/packer/start/vim-vsnip/autoload/vital/vsnip.vim
054.603  000.088  000.088: sourcing /Users/sjmller/.local/share/nvim/site/pack/packer/start/vim-vsnip/autoload/vital/_vsnip/VS/LSP/Position.vim
054.778  000.030  000.030: sourcing /Users/sjmller/.local/share/nvim/site/pack/packer/start/vim-vsnip/autoload/vital/_vsnip.vim
055.128  001.259  000.878: sourcing /Users/sjmller/.local/share/nvim/site/pack/packer/start/vim-vsnip/autoload/vsnip/snippet.vim
055.469  000.125  000.125: sourcing /Users/sjmller/.local/share/nvim/site/pack/packer/start/vim-vsnip/autoload/vital/_vsnip/VS/LSP/TextEdit.vim
055.770  000.061  000.061: sourcing /Users/sjmller/.local/share/nvim/site/pack/packer/start/vim-vsnip/autoload/vital/_vsnip/VS/LSP/Text.vim
056.243  000.205  000.205: sourcing /Users/sjmller/.local/share/nvim/site/pack/packer/start/vim-vsnip/autoload/vital/_vsnip/VS/Vim/Buffer.vim
056.887  000.116  000.116: sourcing /Users/sjmller/.local/share/nvim/site/pack/packer/start/vim-vsnip/autoload/vital/_vsnip/VS/Vim/Option.vim
057.561  000.184  000.184: sourcing /Users/sjmller/.local/share/nvim/site/pack/packer/start/vim-vsnip/autoload/vital/_vsnip/VS/LSP/Diff.vim
057.785  004.055  002.104: sourcing /Users/sjmller/.local/share/nvim/site/pack/packer/start/vim-vsnip/autoload/vsnip/session.vim
058.038  004.457  000.402: sourcing /Users/sjmller/.local/share/nvim/site/pack/packer/start/vim-vsnip/autoload/vsnip.vim
058.334  004.965  000.508: sourcing /Users/sjmller/.local/share/nvim/site/pack/packer/start/vim-vsnip/plugin/vsnip.vim
058.673  005.285: loading packages
061.416  000.230  000.230: require('cmp.utils.char')
061.433  000.520  000.290: require('cmp.utils.str')
061.556  000.121  000.121: require('cmp.utils.pattern')
062.033  000.103  000.103: require('cmp.utils.buffer')
062.038  000.326  000.222: require('cmp.utils.keymap')
062.041  000.483  000.158: require('cmp.utils.feedkeys')
062.193  000.151  000.151: require('cmp.utils.async')
062.439  000.107  000.107: require('cmp.utils.cache')
062.442  000.247  000.140: require('cmp.context')
063.082  000.172  000.172: require('cmp.config.mapping')
063.441  000.220  000.220: require('cmp.config.compare')
063.443  000.358  000.138: require('cmp.config.default')
063.452  000.743  000.213: require('cmp.config')
064.028  000.209  000.209: require('cmp.matcher')
064.032  000.579  000.370: require('cmp.entry')
064.038  001.594  000.273: require('cmp.source')
064.354  000.117  000.117: require('cmp.utils.event')
064.755  000.237  000.237: require('cmp.utils.window')
064.758  000.402  000.165: require('cmp.view.docs_view')
065.103  000.344  000.344: require('cmp.view.custom_entries_view')
065.348  000.242  000.242: require('cmp.view.wildmenu_entries_view')
065.540  000.191  000.191: require('cmp.view.native_entries_view')
065.713  000.171  000.171: require('cmp.view.ghost_text_view')
065.721  001.682  000.215: require('cmp.view')
065.818  005.663  000.865: require('cmp.core')
066.060  000.121  000.121: require('cmp.config.sources')
066.182  000.119  000.119: require('cmp.config.window')
066.225  006.451  000.547: require('cmp')
066.762  000.095  000.095: require('cmp_buffer.timer')
066.766  000.315  000.220: require('cmp_buffer.buffer')
066.768  000.455  000.140: require('cmp_buffer.source')
066.770  000.542  000.087: require('cmp_buffer')
066.783  007.044  000.051: sourcing /Users/sjmller/.local/share/nvim/site/pack/packer/start/cmp-buffer/after/plugin/cmp_buffer.lua
067.253  000.197  000.197: require('cmp_cmdline')
067.268  000.241  000.044: sourcing /Users/sjmller/.local/share/nvim/site/pack/packer/start/cmp-cmdline/after/plugin/cmp_cmdline.lua
067.515  000.047  000.047: sourcing /Users/sjmller/.local/share/nvim/site/pack/packer/start/cmp-nvim-lsp/after/plugin/cmp_nvim_lsp.lua
067.819  000.119  000.119: require('cmp_vsnip')
067.833  000.161  000.042: sourcing /Users/sjmller/.local/share/nvim/site/pack/packer/start/cmp-vsnip/after/plugin/cmp_vsnip.lua
068.785  000.628  000.628: sourcing /Users/sjmller/.config/nvim/after/plugin/cmp.rc.lua
069.199  000.138  000.138: require('telescope._extensions')
069.202  000.305  000.167: require('telescope')
069.204  000.346  000.041: sourcing /Users/sjmller/.config/nvim/after/plugin/dashboard.rc.lua
069.604  000.109  000.109: require('mason-core.path')
069.613  000.224  000.115: require('mason.settings')
069.960  000.146  000.146: require('mason-core.functional')
070.204  000.094  000.094: require('mason-core.functional.data')
070.207  000.226  000.132: require('mason-core.functional.function')
070.309  000.093  000.093: require('mason-core.functional.relation')
070.421  000.107  000.107: require('mason-core.functional.logic')
070.438  000.823  000.251: require('mason-core.platform')
070.439  001.153  000.105: require('mason')
070.806  000.170  000.170: require('mason-core.functional.list')
070.823  000.373  000.203: require('mason.api.command')
070.825  001.561  000.036: sourcing /Users/sjmller/.config/nvim/after/plugin/mason.rc.lua
071.035  000.123  000.123: require('nightfox')
071.278  000.122  000.122: require('nightfox.lib.collect')
071.418  000.138  000.138: require('nightfox.util')
071.555  000.516  000.257: require('nightfox.config')
071.780  000.151  000.151: require('nightfox.util.deprecation')
071.899  000.116  000.116: require('nightfox.lib.deprecation')
072.316  000.128  000.128: require('nightfox.lib.highlight')
072.319  000.276  000.148: require('nightfox.main')
072.427  000.107  000.107: require('nightfox.override')
072.663  000.117  000.117: require('nightfox.util.template')
072.666  000.231  000.114: require('nightfox.spec')
072.792  000.124  000.124: require('nightfox.palette')
073.186  000.240  000.240: require('nightfox.lib.color')
073.299  000.111  000.111: require('nightfox.lib.shade')
073.344  000.550  000.200: require('nightfox.palette.nightfox')
073.495  000.130  000.130: require('nightfox.group')
073.666  000.168  000.168: require('nightfox.group.editor')
073.818  000.144  000.144: require('nightfox.group.syntax')
073.940  000.094  000.094: require('nightfox.group.modules.dashboard')
074.083  000.132  000.132: require('nightfox.group.modules.mini')
074.200  000.099  000.099: require('nightfox.group.modules.native_lsp')
074.318  000.101  000.101: require('nightfox.group.modules.neogit')
074.477  000.116  000.116: require('nightfox.group.modules.neotree')
074.609  000.110  000.110: require('nightfox.group.modules.nvimtree')
074.717  000.091  000.091: require('nightfox.group.modules.pounce')
074.823  000.089  000.089: require('nightfox.group.modules.sneak')
074.926  000.086  000.086: require('nightfox.group.modules.symbol_outline')
075.034  000.092  000.092: require('nightfox.group.modules.tsrainbow')
075.158  000.108  000.108: require('nightfox.group.modules.notify')
075.335  000.116  000.116: require('nightfox.group.modules.diagnostic')
075.518  000.166  000.166: require('nightfox.group.modules.treesitter')
075.781  000.260  000.260: require('vim.treesitter.highlighter')
075.910  000.099  000.099: require('nightfox.group.modules.lightspeed')
076.050  000.100  000.100: require('nightfox.group.modules.whichkey')
076.172  000.092  000.092: require('nightfox.group.modules.lsp_trouble')
076.305  000.108  000.108: require('nightfox.group.modules.barbar')
076.423  000.088  000.088: require('nightfox.group.modules.aerial')
076.537  000.089  000.089: require('nightfox.group.modules.modes')
076.649  000.087  000.087: require('nightfox.group.modules.coc')
076.781  000.107  000.107: require('nightfox.group.modules.cmp')
076.942  000.127  000.127: require('nightfox.group.modules.dap_ui')
077.070  000.098  000.098: require('nightfox.group.modules.fern')
077.225  000.103  000.103: require('nightfox.group.modules.fidget')
077.355  000.104  000.104: require('nightfox.group.modules.gitgutter')
077.494  000.102  000.102: require('nightfox.group.modules.gitsigns')
077.644  000.120  000.120: require('nightfox.group.modules.glyph_palette')
077.780  000.105  000.105: require('nightfox.group.modules.hop')
077.910  000.103  000.103: require('nightfox.group.modules.illuminate')
078.039  000.101  000.101: require('nightfox.group.modules.telescope')
078.181  000.115  000.115: require('nightfox.group.modules.lsp_saga')
079.420  007.403  002.163: sourcing /Users/sjmller/.local/share/nvim/site/pack/packer/start/nightfox.nvim/colors/nightfox.vim
079.659  008.775  000.467: sourcing /Users/sjmller/.config/nvim/after/plugin/nightfox.rc.lua
081.715  000.143  000.143: require('nvim-tree.iterators.node-iterator')
081.732  000.751  000.608: require('nvim-tree.utils')
081.738  000.913  000.162: require('nvim-tree.events')
082.233  000.149  000.149: require('nvim-tree.log')
082.429  000.193  000.193: require('nvim-tree.git.utils')
082.641  000.210  000.210: require('nvim-tree.git.runner')
082.834  000.191  000.191: require('nvim-tree.watcher')
082.841  000.959  000.216: require('nvim-tree.git')
083.004  000.162  000.162: require('nvim-tree.explorer.watch')
083.141  000.135  000.135: require('nvim-tree.explorer.common')
083.464  000.153  000.153: require('nvim-tree.explorer.node-builders')
083.668  000.201  000.201: require('nvim-tree.explorer.sorters')
083.818  000.148  000.148: require('nvim-tree.explorer.filters')
084.607  000.583  000.583: require('nvim-tree.view')
084.612  000.792  000.209: require('nvim-tree.live-filter')
084.614  001.471  000.177: require('nvim-tree.explorer.explore')
084.824  000.209  000.209: require('nvim-tree.explorer.reload')
084.828  003.089  000.153: require('nvim-tree.explorer')
084.830  004.121  000.119: require('nvim-tree.core')
085.076  000.245  000.245: require('nvim-tree.diagnostics')
085.275  000.197  000.197: require('nvim-tree.renderer.components.padding')
085.447  000.170  000.170: require('nvim-tree.renderer.components.icons')
085.633  000.184  000.184: require('nvim-tree.renderer.components.full-name')
085.808  000.173  000.173: require('nvim-tree.renderer.help')
086.054  000.244  000.244: require('nvim-tree.renderer.components.git')
086.518  000.462  000.462: require('nvim-tree.renderer.builder')
086.689  000.169  000.169: require('nvim-tree.marks')
086.699  006.168  000.204: require('nvim-tree.renderer')
086.845  000.141  000.141: require('nvim-tree.actions.tree-modifiers.collapse-all')
086.958  000.112  000.112: require('nvim-tree.actions.root.dir-up')
087.114  000.154  000.154: require('nvim-tree.actions.root.change-dir')
087.248  000.131  000.131: require('nvim-tree.actions.reloaders.reloaders')
087.380  000.130  000.130: require('nvim-tree.actions.finders.find-file')
087.382  007.049  000.213: require('nvim-tree.lib')
087.538  000.155  000.155: require('nvim-tree.colors')
087.783  000.242  000.242: require('nvim-tree.legacy')
088.022  000.237  000.237: require('nvim-tree.actions.fs.copy-paste')
088.328  000.138  000.138: require('nvim-tree.actions.tree-modifiers.expand-all')
088.439  000.109  000.109: require('nvim-tree.actions.tree-modifiers.toggles')
088.611  000.169  000.169: require('nvim-tree.actions.fs.create-file')
088.742  000.129  000.129: require('nvim-tree.actions.fs.rename-file')
088.911  000.167  000.167: require('nvim-tree.actions.fs.trash')
089.070  000.157  000.157: require('nvim-tree.actions.fs.remove-file')
089.190  000.118  000.118: require('nvim-tree.actions.moves.parent')
089.310  000.118  000.118: require('nvim-tree.actions.moves.sibling')
089.430  000.117  000.117: require('nvim-tree.actions.moves.item')
089.572  000.138  000.138: require('nvim-tree.actions.finders.search-node')
089.679  000.105  000.105: require('nvim-tree.actions.node.run-command')
089.814  000.133  000.133: require('nvim-tree.actions.node.file-popup')
089.957  000.141  000.141: require('nvim-tree.actions.node.system-open')
090.081  000.122  000.122: require('nvim-tree.marks.bulk-move')
090.107  002.082  000.221: require('nvim-tree.actions.dispatch')
090.116  010.356  000.591: require('nvim-tree')
090.567  000.028  000.028: require('vim.inspect')
091.962  000.297  000.297: require('nvim-tree.actions')
092.248  000.282  000.282: require('nvim-tree.actions.node.open-file')
093.778  000.148  000.148: require('nvim-tree.marks.navigation')
093.781  000.357  000.209: require('nvim-tree.api')
093.788  000.586  000.229: require('nvim-tree.keymap')
094.532  000.564  000.564: require('nvim-web-devicons')
096.343  016.612  004.499: sourcing /Users/sjmller/.config/nvim/after/plugin/nvim-tree.rc.lua
097.738  000.241  000.241: require('plenary.bit')
097.880  000.140  000.140: require('plenary.functional')
097.904  000.016  000.016: require('ffi')
097.919  000.931  000.534: require('plenary.path')
097.924  001.148  000.216: require('plenary.strings')
098.042  000.116  000.116: require('telescope.deprecated')
098.749  000.243  000.243: require('plenary.log')
098.791  000.399  000.156: require('telescope.log')
099.539  000.382  000.382: require('plenary.job')
099.668  000.127  000.127: require('telescope.state')
099.674  000.881  000.372: require('telescope.utils')
099.677  001.634  000.354: require('telescope.sorters')
101.050  004.591  001.693: require('telescope.config')
101.931  005.509  000.919: sourcing /Users/sjmller/.config/nvim/after/plugin/telescope.rc.lua
102.746  000.145  000.145: require('nvim-treesitter.highlight')
103.003  000.223  000.223: require('nvim-treesitter.indent')
103.024  001.019  000.651: sourcing /Users/sjmller/.config/nvim/after/plugin/treesitter.rc.lua
103.028  002.411: loading after plugins
103.037  000.008: inits 3
105.874  002.837: reading ShaDa
105.961  000.087: opening buffers
106.000  000.039: BufEnter autocommands
106.002  000.002: editing files in windows
110.678  000.448  000.448: require('dashboard.preview')
110.687  000.966  000.518: require('dashboard.events')
110.850  003.882: VimEnter autocommands
110.856  000.006: UIEnter autocommands
110.859  000.003: before starting main loop
112.114  001.255: first screen update
112.122  000.008: --- NVIM STARTED ---
